<?xml version="1.0" encoding="UTF-8"?>
<!-- Generated by org.testng.reporters.JUnitXMLReporter -->
<testsuite ignored="0" hostname="DESKTOP-Q5MIN8C" failures="0" tests="1" name="Default test" time="0.112" errors="0" timestamp="2025-11-23T19:48:34 IST">
  <testcase classname="com.cjc.MTLogin" name="@BeforeSuite openBrowser" time="0.096">
    <failure type="java.lang.IllegalStateException" message="The driver executable does not exist: C:\Users\HP\Downloads\chrome exe for Selenium\chromedriver.exe">
      <![CDATA[java.lang.IllegalStateException: The driver executable does not exist: C:\Users\HP\Downloads\chrome exe for Selenium\chromedriver.exe
at com.google.common.base.Preconditions.checkState(Preconditions.java:585)
at org.openqa.selenium.remote.service.DriverService.checkExecutable(DriverService.java:146)
at org.openqa.selenium.remote.service.DriverService.findExecutable(DriverService.java:141)
at org.openqa.selenium.chrome.ChromeDriverService.access$000(ChromeDriverService.java:35)
at org.openqa.selenium.chrome.ChromeDriverService$Builder.findDefaultExecutable(ChromeDriverService.java:159)
at org.openqa.selenium.remote.service.DriverService$Builder.build(DriverService.java:355)
at org.openqa.selenium.chrome.ChromeDriverService.createDefaultService(ChromeDriverService.java:94)
at org.openqa.selenium.chrome.ChromeDriver.<init>(ChromeDriver.java:123)
at com.cjc.MTLogin.openBrowser(MTLogin.java:33)
at java.base/jdk.internal.reflect.DirectMethodHandleAccessor.invoke(DirectMethodHandleAccessor.java:103)
at java.base/java.lang.reflect.Method.invoke(Method.java:580)
at org.testng.internal.invokers.MethodInvocationHelper.invokeMethod(MethodInvocationHelper.java:141)
at org.testng.internal.invokers.MethodInvocationHelper.invokeMethodConsideringTimeout(MethodInvocationHelper.java:71)
at org.testng.internal.invokers.ConfigInvoker.invokeConfigurationMethod(ConfigInvoker.java:400)
at org.testng.internal.invokers.ConfigInvoker.invokeConfigurations(ConfigInvoker.java:333)
at org.testng.SuiteRunner.privateRun(SuiteRunner.java:358)
at org.testng.SuiteRunner.run(SuiteRunner.java:312)
at org.testng.SuiteRunnerWorker.runSuite(SuiteRunnerWorker.java:52)
at org.testng.SuiteRunnerWorker.run(SuiteRunnerWorker.java:95)
at org.testng.TestNG.runSuitesSequentially(TestNG.java:1274)
at org.testng.TestNG.runSuitesLocally(TestNG.java:1208)
at org.testng.TestNG.runSuites(TestNG.java:1112)
at org.testng.TestNG.run(TestNG.java:1079)
at org.testng.remote.AbstractRemoteTestNG.run(AbstractRemoteTestNG.java:115)
at org.testng.remote.RemoteTestNG.initAndRun(RemoteTestNG.java:293)
at org.testng.remote.RemoteTestNG.main(RemoteTestNG.java:91)
]]>
    </failure>
  </testcase> <!-- @BeforeSuite openBrowser -->
  <testcase classname="com.cjc.MTLogin" name="@BeforeTest openUrl" time="0.0">
    <skipped/>
  </testcase> <!-- @BeforeTest openUrl -->
  <testcase classname="com.cjc.MTLogin" name="@BeforeClass maximizePage" time="0.0">
    <skipped/>
  </testcase> <!-- @BeforeClass maximizePage -->
  <testcase classname="com.cjc.MTLogin" name="@BeforeMethod pageLoadtimeOut" time="0.0">
    <skipped/>
  </testcase> <!-- @BeforeMethod pageLoadtimeOut -->
  <testcase classname="com.cjc.MTLogin" name="@AfterMethod CaptureScreenShot" time="0.0">
    <skipped/>
  </testcase> <!-- @AfterMethod CaptureScreenShot -->
  <testcase classname="com.cjc.MTLogin" name="@AfterClass deleteCookies" time="0.0">
    <skipped/>
  </testcase> <!-- @AfterClass deleteCookies -->
  <testcase classname="com.cjc.MTLogin" name="@AfterTest dataBaseClose" time="0.0">
    <skipped/>
  </testcase> <!-- @AfterTest dataBaseClose -->
  <testcase classname="com.cjc.MTLogin" name="loginwithValidDetails" time="0.0">
    <skipped/>
  </testcase> <!-- loginwithValidDetails -->
</testsuite> <!-- Default test -->
